<?xml version="1.0" encoding="UTF-8"?>
<testsuite name="org.amaap.ttp.electionresultpair.domain.ElectionManagerTest" tests="2" skipped="0" failures="0" errors="0" timestamp="2024-03-30T18:27:21" hostname="LAPTOP-205J7BQ6" time="0.07">
  <properties/>
  <testcase name="shouldBeAbleToProcessDataFromFile()" classname="org.amaap.ttp.electionresultpair.domain.ElectionManagerTest" time="0.058"/>
  <testcase name="shouldBeAbleToReturnWinnerOfConstituency()" classname="org.amaap.ttp.electionresultpair.domain.ElectionManagerTest" time="0.009"/>
  <system-out><![CDATA[]]></system-out>
  <system-err><![CDATA[]]></system-err>
</testsuite>
