<?xml version="1.0" encoding="UTF-8"?>
<testsuite name="org.amaap.election.results.model.ElectionCounterTest" tests="1" skipped="0" failures="0" errors="0" timestamp="2024-03-21T17:15:49" hostname="LAPTOP-205J7BQ6" time="0.035">
  <properties/>
  <testcase name="shouldAbleToGetPartyWithMoreNumberOfVotes()" classname="org.amaap.election.results.model.ElectionCounterTest" time="0.035"/>
  <system-out><![CDATA[{Pune={BJP=7375}, Bangalore={INC=17803}}
{Pune={BJP=7375}, Bangalore={INC=17803}}
{}
]]></system-out>
  <system-err><![CDATA[]]></system-err>
</testsuite>
