<?xml version="1.0" encoding="UTF-8"?>
<testsuite name="org.amaap.ttp.electionresultpair.domain.service.DataProcessorTest" tests="4" skipped="0" failures="0" errors="0" timestamp="2024-03-30T16:42:43" hostname="LAPTOP-205J7BQ6" time="0.058">
  <properties/>
  <testcase name="shouldBeAbleToThrowInvalidConstituencyNameException()" classname="org.amaap.ttp.electionresultpair.domain.service.DataProcessorTest" time="0.044"/>
  <testcase name="shouldBeAbleThrowInvalidPathException()" classname="org.amaap.ttp.electionresultpair.domain.service.DataProcessorTest" time="0.002"/>
  <testcase name="shouldBeAbleToThrowInvalidPartyCodeException()" classname="org.amaap.ttp.electionresultpair.domain.service.DataProcessorTest" time="0.003"/>
  <testcase name="shouldBeAbleToThrowInvalidPartyVotesException()" classname="org.amaap.ttp.electionresultpair.domain.service.DataProcessorTest" time="0.004"/>
  <system-out><![CDATA[]]></system-out>
  <system-err><![CDATA[]]></system-err>
</testsuite>
